/home/corey/Code/dm-bip/toy_data/schema-automator-data/ToySchema.yaml
  warning  Class 'subject' does not have recommended slot 'description'  (recommended)
  warning  Class 'sample' does not have recommended slot 'description'  (recommended)
  warning  Class 'study' does not have recommended slot 'description'  (recommended)
  warning  Class 'lab_results' does not have recommended slot 'description'  (recommended)
  warning  Class 'demographics' does not have recommended slot 'description'  (recommended)
  warning  Class 'visit' does not have recommended slot 'description'  (recommended)
  warning  Slot 'subject_id' does not have recommended slot 'description'  (recommended)
  warning  Slot 'asthma' does not have recommended slot 'description'  (recommended)
  warning  Slot 'stroke' does not have recommended slot 'description'  (recommended)
  warning  Slot 'heart_disease' does not have recommended slot 'description'  (recommended)
  warning  Slot 'diabetes' does not have recommended slot 'description'  (recommended)
  warning  Slot 'consent_codes' does not have recommended slot 'description'  (recommended)
  warning  Slot 'study.id' does not have recommended slot 'description'  (recommended)
  warning  Slot 'project.id' does not have recommended slot 'description'  (recommended)
  warning  Slot 'participant.id' does not have recommended slot 'description'  (recommended)
  warning  Slot 'sample_id' does not have recommended slot 'description'  (recommended)
  warning  Slot 'sample_type' does not have recommended slot 'description'  (recommended)
  warning  Slot 'sample_date' does not have recommended slot 'description'  (recommended)
  warning  Slot 'type' does not have recommended slot 'description'  (recommended)
  warning  Slot 'id' does not have recommended slot 'description'  (recommended)
  warning  Slot 'project_id' does not have recommended slot 'description'  (recommended)
  warning  Slot 'submitter_id' does not have recommended slot 'description'  (recommended)
  warning  Slot 'study_id' does not have recommended slot 'description'  (recommended)
  warning  Slot 'study_registration' does not have recommended slot 'description'  (recommended)
  warning  Slot 'authz' does not have recommended slot 'description'  (recommended)
  warning  Slot 'projects.id' does not have recommended slot 'description'  (recommended)
  warning  Slot 'projects.code' does not have recommended slot 'description'  (recommended)
  warning  Slot 'study_name' does not have recommended slot 'description'  (recommended)
  warning  Slot 'study_code' does not have recommended slot 'description'  (recommended)
  warning  Slot 'program' does not have recommended slot 'description'  (recommended)
  warning  Slot 'study_description' does not have recommended slot 'description'  (recommended)
  warning  Slot 'contact_name' does not have recommended slot 'description'  (recommended)
  warning  Slot 'contact_institution' does not have recommended slot 'description'  (recommended)
  warning  Slot 'contact_email' does not have recommended slot 'description'  (recommended)
  warning  Slot 'research_domain' does not have recommended slot 'description'  (recommended)
  warning  Slot 'lifespan_stage' does not have recommended slot 'description'  (recommended)
  warning  Slot 'study_design' does not have recommended slot 'description'  (recommended)
  warning  Slot 'data_source_type' does not have recommended slot 'description'  (recommended)
  warning  Slot 'hdl' does not have recommended slot 'description'  (recommended)
  warning  Slot 'ldl' does not have recommended slot 'description'  (recommended)
  warning  Slot 'total_cholesterol' does not have recommended slot 'description'  (recommended)
  warning  Slot 'triglycerides' does not have recommended slot 'description'  (recommended)
  warning  Slot 'creatinine_mg_dl' does not have recommended slot 'description'  (recommended)
  warning  Slot 'sex' does not have recommended slot 'description'  (recommended)
  warning  Slot 'population' does not have recommended slot 'description'  (recommended)
  warning  Slot 'race' does not have recommended slot 'description'  (recommended)
  warning  Slot 'ethnicity' does not have recommended slot 'description'  (recommended)
  warning  Slot 'age_at_index' does not have recommended slot 'description'  (recommended)
  warning  Slot 'visit_id' does not have recommended slot 'description'  (recommended)
  warning  Slot 'bmi_baseline' does not have recommended slot 'description'  (recommended)
  warning  Slot 'height_cm' does not have recommended slot 'description'  (recommended)
  warning  Slot 'weight_kg' does not have recommended slot 'description'  (recommended)
  warning  Slot 'current_smoker_baseline' does not have recommended slot 'description'  (recommended)
  warning  Slot 'ever_smoker_baseline' does not have recommended slot 'description'  (recommended)
  warning  Slot 'sleep_duration_hrs' does not have recommended slot 'description'  (recommended)
  warning  Slot 'systolic_bp' does not have recommended slot 'description'  (recommended)
  warning  Slot 'diastolic_bp' does not have recommended slot 'description'  (recommended)
  warning  Slot 'inhaler_use_per_day' does not have recommended slot 'description'  (recommended)
  warning  Enum 'asthma_enum' does not have recommended slot 'description'  (recommended)
  warning  Enum 'stroke_enum' does not have recommended slot 'description'  (recommended)
  warning  Enum 'heart_disease_enum' does not have recommended slot 'description'  (recommended)
  warning  Enum 'diabetes_enum' does not have recommended slot 'description'  (recommended)
  warning  Enum 'consent_codes_enum' does not have recommended slot 'description'  (recommended)
  warning  Enum 'study.id_enum' does not have recommended slot 'description'  (recommended)
  warning  Enum 'project.id_enum' does not have recommended slot 'description'  (recommended)
  warning  Enum 'sample_type_enum' does not have recommended slot 'description'  (recommended)
  warning  Enum 'sex_enum' does not have recommended slot 'description'  (recommended)
  warning  Enum 'race_enum' does not have recommended slot 'description'  (recommended)
  warning  Enum 'ethnicity_enum' does not have recommended slot 'description'  (recommended)
  warning  Enum 'current_smoker_baseline_enum' does not have recommended slot 'description'  (recommended)
  warning  Enum 'ever_smoker_baseline_enum' does not have recommended slot 'description'  (recommended)
  warning  Class has name 'subject'  (standard_naming)
  warning  Class has name 'sample'  (standard_naming)
  warning  Class has name 'study'  (standard_naming)
  warning  Class has name 'lab_results'  (standard_naming)
  warning  Class has name 'demographics'  (standard_naming)
  warning  Class has name 'visit'  (standard_naming)
  warning  Slot has name 'study.id'  (standard_naming)
  warning  Slot has name 'project.id'  (standard_naming)
  warning  Slot has name 'participant.id'  (standard_naming)
  warning  Slot has name 'projects.id'  (standard_naming)
  warning  Slot has name 'projects.code'  (standard_naming)
  warning  Enum has name 'asthma_enum'  (standard_naming)
  warning  Permissible value of Enum 'asthma_enum' has name 'Yes'  (standard_naming)
  warning  Permissible value of Enum 'asthma_enum' has name 'No'  (standard_naming)
  warning  Enum has name 'stroke_enum'  (standard_naming)
  warning  Permissible value of Enum 'stroke_enum' has name 'Yes'  (standard_naming)
  warning  Permissible value of Enum 'stroke_enum' has name 'No'  (standard_naming)
  warning  Enum has name 'heart_disease_enum'  (standard_naming)
  warning  Permissible value of Enum 'heart_disease_enum' has name 'Yes'  (standard_naming)
  warning  Permissible value of Enum 'heart_disease_enum' has name 'No'  (standard_naming)
  warning  Enum has name 'diabetes_enum'  (standard_naming)
  warning  Permissible value of Enum 'diabetes_enum' has name 'Yes'  (standard_naming)
  warning  Permissible value of Enum 'diabetes_enum' has name 'No'  (standard_naming)
  warning  Enum has name 'consent_codes_enum'  (standard_naming)
  warning  Enum has name 'study.id_enum'  (standard_naming)
  warning  Permissible value of Enum 'study.id_enum' has name 'STUDY001'  (standard_naming)
  warning  Enum has name 'project.id_enum'  (standard_naming)
  warning  Permissible value of Enum 'project.id_enum' has name 'PROJ001'  (standard_naming)
  warning  Enum has name 'sample_type_enum'  (standard_naming)
  warning  Permissible value of Enum 'sample_type_enum' has name 'Blood'  (standard_naming)
  warning  Permissible value of Enum 'sample_type_enum' has name 'Saliva'  (standard_naming)
  warning  Enum has name 'sex_enum'  (standard_naming)
  warning  Permissible value of Enum 'sex_enum' has name 'Female'  (standard_naming)
  warning  Permissible value of Enum 'sex_enum' has name 'Male'  (standard_naming)
  warning  Enum has name 'race_enum'  (standard_naming)
  warning  Permissible value of Enum 'race_enum' has name 'black or african american'  (standard_naming)
  warning  Enum has name 'ethnicity_enum'  (standard_naming)
  warning  Permissible value of Enum 'ethnicity_enum' has name 'Non-Hispanic'  (standard_naming)
  warning  Permissible value of Enum 'ethnicity_enum' has name 'Hispanic'  (standard_naming)
  warning  Enum has name 'current_smoker_baseline_enum'  (standard_naming)
  warning  Permissible value of Enum 'current_smoker_baseline_enum' has name 'Yes'  (standard_naming)
  warning  Permissible value of Enum 'current_smoker_baseline_enum' has name 'No'  (standard_naming)
  warning  Enum has name 'ever_smoker_baseline_enum'  (standard_naming)
  warning  Permissible value of Enum 'ever_smoker_baseline_enum' has name 'Yes'  (standard_naming)
  warning  Permissible value of Enum 'ever_smoker_baseline_enum' has name 'No'  (standard_naming)

✖ Found 116 problems in 1 schema
